<?xml version="1.0" encoding="UTF-8"?>
<!-- Generated by org.testng.reporters.JUnitReportReporter -->
<testsuite hostname="DESKTOP-U6SI6EL" failures="0" tests="1" name="runner.RunnerClass" time="43.410" errors="0" timestamp="2025-05-06T19:20:29 IST" skipped="0">
  <testcase classname="runner.RunnerClass" name="runScenario" time="43.410"/>
  <system-out/>
</testsuite> <!-- runner.RunnerClass -->
